{
  "stats": {
    "suites": 1,
    "tests": 2,
    "passes": 2,
    "pending": 0,
    "failures": 0,
    "start": "2026-03-24T08:10:15.516Z",
    "end": "2026-03-24T08:10:21.480Z",
    "duration": 5964,
    "testsRegistered": 2,
    "passPercent": 100,
    "pendingPercent": 0,
    "other": 0,
    "hasOther": false,
    "skipped": 0,
    "hasSkipped": false
  },
  "results": [
    {
      "uuid": "227a81f8-efd3-4467-8b0f-0629b6ca1b1e",
      "title": "",
      "fullFile": "cypress/e2e/formulaire.cy.js",
      "file": "cypress/e2e/formulaire.cy.js",
      "beforeHooks": [],
      "afterHooks": [],
      "tests": [],
      "suites": [
        {
          "uuid": "e9b14d03-c442-4a97-be9b-b069642d591d",
          "title": "Test formulaire de connexion avec fixtures",
          "fullFile": "",
          "file": "",
          "beforeHooks": [],
          "afterHooks": [],
          "tests": [
            {
              "title": "Connexion avec des identifiants valides",
              "fullTitle": "Test formulaire de connexion avec fixtures Connexion avec des identifiants valides",
              "timedOut": null,
              "duration": 2796,
              "state": "passed",
              "speed": "fast",
              "pass": true,
              "fail": false,
              "pending": false,
              "context": null,
              "code": "cy.fixture('utilisateurs').then(data => {\n  cy.get('#username').type(data.valide.username);\n  cy.get('#password').type(data.valide.password);\n  cy.get('button[type=\"submit\"]').click();\n  cy.contains('You logged into a secure area!').should('be.visible');\n});",
              "err": {},
              "uuid": "422625a8-eda5-4a09-a24e-0d3d7ad549c3",
              "parentUUID": "e9b14d03-c442-4a97-be9b-b069642d591d",
              "isHook": false,
              "skipped": false
            },
            {
              "title": "Connexion avec des identifiants invalides",
              "fullTitle": "Test formulaire de connexion avec fixtures Connexion avec des identifiants invalides",
              "timedOut": null,
              "duration": 1216,
              "state": "passed",
              "speed": "fast",
              "pass": true,
              "fail": false,
              "pending": false,
              "context": null,
              "code": "cy.fixture('utilisateurs').then(data => {\n  cy.get('#username').type(data.invalide.username);\n  cy.get('#password').type(data.invalide.password);\n  cy.get('button[type=\"submit\"]').click();\n  cy.contains('Your username is invalid!').should('be.visible');\n});",
              "err": {},
              "uuid": "c4cace95-904b-475b-839d-354f212827a1",
              "parentUUID": "e9b14d03-c442-4a97-be9b-b069642d591d",
              "isHook": false,
              "skipped": false
            }
          ],
          "suites": [],
          "passes": [
            "422625a8-eda5-4a09-a24e-0d3d7ad549c3",
            "c4cace95-904b-475b-839d-354f212827a1"
          ],
          "failures": [],
          "pending": [],
          "skipped": [],
          "duration": 4012,
          "root": false,
          "rootEmpty": false,
          "_timeout": 2000
        }
      ],
      "passes": [],
      "failures": [],
      "pending": [],
      "skipped": [],
      "duration": 0,
      "root": true,
      "rootEmpty": true,
      "_timeout": 2000
    }
  ],
  "meta": {
    "mocha": {
      "version": "7.2.0"
    },
    "mochawesome": {
      "options": {
        "quiet": false,
        "reportFilename": "mochawesome",
        "saveHtml": false,
        "saveJson": true,
        "consoleReporter": "spec",
        "useInlineDiffs": false,
        "code": true
      },
      "version": "7.1.4"
    },
    "marge": {
      "options": {
        "reportDir": "cypress/reports",
        "overwrite": false,
        "html": false,
        "json": true
      },
      "version": "6.3.2"
    }
  }
}