{
  "stats": {
    "suites": 1,
    "tests": 2,
    "passes": 2,
    "pending": 0,
    "failures": 0,
    "start": "2026-03-23T17:03:58.501Z",
    "end": "2026-03-23T17:04:04.862Z",
    "duration": 6361,
    "testsRegistered": 2,
    "passPercent": 100,
    "pendingPercent": 0,
    "other": 0,
    "hasOther": false,
    "skipped": 0,
    "hasSkipped": false
  },
  "results": [
    {
      "uuid": "aaaf27be-e9d7-49f9-ae57-40e7e5fb857d",
      "title": "",
      "fullFile": "cypress/e2e/formulaire.cy.js",
      "file": "cypress/e2e/formulaire.cy.js",
      "beforeHooks": [],
      "afterHooks": [],
      "tests": [],
      "suites": [
        {
          "uuid": "bbf55136-a818-4362-862f-dac3c2c1eeff",
          "title": "Test formulaire de connexion avec fixtures",
          "fullFile": "",
          "file": "",
          "beforeHooks": [],
          "afterHooks": [],
          "tests": [
            {
              "title": "Connexion avec des identifiants valides",
              "fullTitle": "Test formulaire de connexion avec fixtures Connexion avec des identifiants valides",
              "timedOut": null,
              "duration": 3186,
              "state": "passed",
              "speed": "fast",
              "pass": true,
              "fail": false,
              "pending": false,
              "context": null,
              "code": "cy.fixture('utilisateurs').then(data => {\n  cy.get('#username').type(data.valide.username);\n  cy.get('#password').type(data.valide.password);\n  cy.get('button[type=\"submit\"]').click();\n  cy.contains('You logged into a secure area!').should('be.visible');\n});",
              "err": {},
              "uuid": "2ec84dd3-5a7a-46a6-afac-ddd5b5148395",
              "parentUUID": "bbf55136-a818-4362-862f-dac3c2c1eeff",
              "isHook": false,
              "skipped": false
            },
            {
              "title": "Connexion avec des identifiants invalides",
              "fullTitle": "Test formulaire de connexion avec fixtures Connexion avec des identifiants invalides",
              "timedOut": null,
              "duration": 1402,
              "state": "passed",
              "speed": "fast",
              "pass": true,
              "fail": false,
              "pending": false,
              "context": null,
              "code": "cy.fixture('utilisateurs').then(data => {\n  cy.get('#username').type(data.invalide.username);\n  cy.get('#password').type(data.invalide.password);\n  cy.get('button[type=\"submit\"]').click();\n  cy.contains('Your username is invalid!').should('be.visible');\n});",
              "err": {},
              "uuid": "6658f638-4768-436e-aac2-bc6e41676a12",
              "parentUUID": "bbf55136-a818-4362-862f-dac3c2c1eeff",
              "isHook": false,
              "skipped": false
            }
          ],
          "suites": [],
          "passes": [
            "2ec84dd3-5a7a-46a6-afac-ddd5b5148395",
            "6658f638-4768-436e-aac2-bc6e41676a12"
          ],
          "failures": [],
          "pending": [],
          "skipped": [],
          "duration": 4588,
          "root": false,
          "rootEmpty": false,
          "_timeout": 2000
        }
      ],
      "passes": [],
      "failures": [],
      "pending": [],
      "skipped": [],
      "duration": 0,
      "root": true,
      "rootEmpty": true,
      "_timeout": 2000
    }
  ],
  "meta": {
    "mocha": {
      "version": "7.2.0"
    },
    "mochawesome": {
      "options": {
        "quiet": false,
        "reportFilename": "mochawesome",
        "saveHtml": false,
        "saveJson": true,
        "consoleReporter": "spec",
        "useInlineDiffs": false,
        "code": true
      },
      "version": "7.1.4"
    },
    "marge": {
      "options": {
        "reportDir": "cypress/reports",
        "overwrite": false,
        "html": false,
        "json": true
      },
      "version": "6.3.2"
    }
  }
}