{
  "stats": {
    "suites": 1,
    "tests": 2,
    "passes": 2,
    "pending": 0,
    "failures": 0,
    "start": "2026-03-23T16:55:33.590Z",
    "end": "2026-03-23T16:55:40.295Z",
    "duration": 6705,
    "testsRegistered": 2,
    "passPercent": 100,
    "pendingPercent": 0,
    "other": 0,
    "hasOther": false,
    "skipped": 0,
    "hasSkipped": false
  },
  "results": [
    {
      "uuid": "74a68b2d-5678-4344-938a-e7a6973f8cad",
      "title": "",
      "fullFile": "cypress/e2e/commande.cy.js",
      "file": "cypress/e2e/commande.cy.js",
      "beforeHooks": [],
      "afterHooks": [],
      "tests": [],
      "suites": [
        {
          "uuid": "be82162e-9863-41be-9283-5a71d6de5b1c",
          "title": "Test avec commandes personnalisées",
          "fullFile": "",
          "file": "",
          "beforeHooks": [],
          "afterHooks": [],
          "tests": [
            {
              "title": "Connexion réussie avec la commande login",
              "fullTitle": "Test avec commandes personnalisées Connexion réussie avec la commande login",
              "timedOut": null,
              "duration": 3106,
              "state": "passed",
              "speed": "fast",
              "pass": true,
              "fail": false,
              "pending": false,
              "context": null,
              "code": "cy.login('tomsmith', 'SuperSecretPassword!');\ncy.contains('You logged into a secure area!').should('be.visible');",
              "err": {},
              "uuid": "839c7492-a35a-4b98-80b8-eae0cee105d5",
              "parentUUID": "be82162e-9863-41be-9283-5a71d6de5b1c",
              "isHook": false,
              "skipped": false
            },
            {
              "title": "Connexion échouée avec la commande login",
              "fullTitle": "Test avec commandes personnalisées Connexion échouée avec la commande login",
              "timedOut": null,
              "duration": 1244,
              "state": "passed",
              "speed": "fast",
              "pass": true,
              "fail": false,
              "pending": false,
              "context": null,
              "code": "cy.login('mauvaisutilisateur', 'mauvaismdp');\ncy.contains('Your username is invalid!').should('be.visible');",
              "err": {},
              "uuid": "b8103740-f8f9-45ac-b50f-fefd1069d050",
              "parentUUID": "be82162e-9863-41be-9283-5a71d6de5b1c",
              "isHook": false,
              "skipped": false
            }
          ],
          "suites": [],
          "passes": [
            "839c7492-a35a-4b98-80b8-eae0cee105d5",
            "b8103740-f8f9-45ac-b50f-fefd1069d050"
          ],
          "failures": [],
          "pending": [],
          "skipped": [],
          "duration": 4350,
          "root": false,
          "rootEmpty": false,
          "_timeout": 2000
        }
      ],
      "passes": [],
      "failures": [],
      "pending": [],
      "skipped": [],
      "duration": 0,
      "root": true,
      "rootEmpty": true,
      "_timeout": 2000
    }
  ],
  "meta": {
    "mocha": {
      "version": "7.2.0"
    },
    "mochawesome": {
      "options": {
        "quiet": false,
        "reportFilename": "mochawesome",
        "saveHtml": false,
        "saveJson": true,
        "consoleReporter": "spec",
        "useInlineDiffs": false,
        "code": true
      },
      "version": "7.1.4"
    },
    "marge": {
      "options": {
        "reportDir": "cypress/reports",
        "overwrite": false,
        "html": false,
        "json": true
      },
      "version": "6.3.2"
    }
  }
}