{
  "stats": {
    "suites": 1,
    "tests": 2,
    "passes": 2,
    "pending": 0,
    "failures": 0,
    "start": "2026-03-24T08:10:30.526Z",
    "end": "2026-03-24T08:10:36.847Z",
    "duration": 6321,
    "testsRegistered": 2,
    "passPercent": 100,
    "pendingPercent": 0,
    "other": 0,
    "hasOther": false,
    "skipped": 0,
    "hasSkipped": false
  },
  "results": [
    {
      "uuid": "05ee8b82-36f9-47ef-8157-f75c2813a405",
      "title": "",
      "fullFile": "cypress/e2e/login.cy.js",
      "file": "cypress/e2e/login.cy.js",
      "beforeHooks": [],
      "afterHooks": [],
      "tests": [],
      "suites": [
        {
          "uuid": "3bf48f60-c26b-4927-a2cb-2eb056185a22",
          "title": "Test Login avec Page Object Model",
          "fullFile": "",
          "file": "",
          "beforeHooks": [],
          "afterHooks": [],
          "tests": [
            {
              "title": "Connexion avec des identifiants valides",
              "fullTitle": "Test Login avec Page Object Model Connexion avec des identifiants valides",
              "timedOut": null,
              "duration": 3192,
              "state": "passed",
              "speed": "fast",
              "pass": true,
              "fail": false,
              "pending": false,
              "context": null,
              "code": "loginPage.login('tomsmith', 'SuperSecretPassword!');\nloginPage.getSuccessMessage().should('be.visible');",
              "err": {},
              "uuid": "1f09753a-83ed-43af-acdc-56026e023f6d",
              "parentUUID": "3bf48f60-c26b-4927-a2cb-2eb056185a22",
              "isHook": false,
              "skipped": false
            },
            {
              "title": "Connexion avec des identifiants invalides",
              "fullTitle": "Test Login avec Page Object Model Connexion avec des identifiants invalides",
              "timedOut": null,
              "duration": 1218,
              "state": "passed",
              "speed": "fast",
              "pass": true,
              "fail": false,
              "pending": false,
              "context": null,
              "code": "loginPage.login('mauvaisutilisateur', 'mauvaismdp');\nloginPage.getErrorMessage().should('be.visible');",
              "err": {},
              "uuid": "d4d50811-f685-4a56-a42d-250af159b658",
              "parentUUID": "3bf48f60-c26b-4927-a2cb-2eb056185a22",
              "isHook": false,
              "skipped": false
            }
          ],
          "suites": [],
          "passes": [
            "1f09753a-83ed-43af-acdc-56026e023f6d",
            "d4d50811-f685-4a56-a42d-250af159b658"
          ],
          "failures": [],
          "pending": [],
          "skipped": [],
          "duration": 4410,
          "root": false,
          "rootEmpty": false,
          "_timeout": 2000
        }
      ],
      "passes": [],
      "failures": [],
      "pending": [],
      "skipped": [],
      "duration": 0,
      "root": true,
      "rootEmpty": true,
      "_timeout": 2000
    }
  ],
  "meta": {
    "mocha": {
      "version": "7.2.0"
    },
    "mochawesome": {
      "options": {
        "quiet": false,
        "reportFilename": "mochawesome",
        "saveHtml": false,
        "saveJson": true,
        "consoleReporter": "spec",
        "useInlineDiffs": false,
        "code": true
      },
      "version": "7.1.4"
    },
    "marge": {
      "options": {
        "reportDir": "cypress/reports",
        "overwrite": false,
        "html": false,
        "json": true
      },
      "version": "6.3.2"
    }
  }
}