{
  "stats": {
    "suites": 1,
    "tests": 1,
    "passes": 1,
    "pending": 0,
    "failures": 0,
    "start": "2026-03-23T16:55:54.241Z",
    "end": "2026-03-23T16:55:58.622Z",
    "duration": 4381,
    "testsRegistered": 1,
    "passPercent": 100,
    "pendingPercent": 0,
    "other": 0,
    "hasOther": false,
    "skipped": 0,
    "hasSkipped": false
  },
  "results": [
    {
      "uuid": "043f81cb-45ea-4921-83a7-f2de00702a5e",
      "title": "",
      "fullFile": "cypress/e2e/intercept.cy.js",
      "file": "cypress/e2e/intercept.cy.js",
      "beforeHooks": [],
      "afterHooks": [],
      "tests": [],
      "suites": [
        {
          "uuid": "f7906be3-fca7-4890-a7e9-3f4f87bd855e",
          "title": "Test avec cy.intercept()",
          "fullFile": "",
          "file": "",
          "beforeHooks": [],
          "afterHooks": [],
          "tests": [
            {
              "title": "Vérifie que la page secure est bien chargée",
              "fullTitle": "Test avec cy.intercept() Vérifie que la page secure est bien chargée",
              "timedOut": null,
              "duration": 2644,
              "state": "passed",
              "speed": "fast",
              "pass": true,
              "fail": false,
              "pending": false,
              "context": null,
              "code": "cy.intercept('GET', '**/secure').as('securePage');\ncy.login('tomsmith', 'SuperSecretPassword!');\ncy.wait('@securePage').then(interception => {\n  expect(interception.response.statusCode).to.equal(200);\n});",
              "err": {},
              "uuid": "5df29852-dbf1-4c0e-bfcb-227ced2196cf",
              "parentUUID": "f7906be3-fca7-4890-a7e9-3f4f87bd855e",
              "isHook": false,
              "skipped": false
            }
          ],
          "suites": [],
          "passes": [
            "5df29852-dbf1-4c0e-bfcb-227ced2196cf"
          ],
          "failures": [],
          "pending": [],
          "skipped": [],
          "duration": 2644,
          "root": false,
          "rootEmpty": false,
          "_timeout": 2000
        }
      ],
      "passes": [],
      "failures": [],
      "pending": [],
      "skipped": [],
      "duration": 0,
      "root": true,
      "rootEmpty": true,
      "_timeout": 2000
    }
  ],
  "meta": {
    "mocha": {
      "version": "7.2.0"
    },
    "mochawesome": {
      "options": {
        "quiet": false,
        "reportFilename": "mochawesome",
        "saveHtml": false,
        "saveJson": true,
        "consoleReporter": "spec",
        "useInlineDiffs": false,
        "code": true
      },
      "version": "7.1.4"
    },
    "marge": {
      "options": {
        "reportDir": "cypress/reports",
        "overwrite": false,
        "html": false,
        "json": true
      },
      "version": "6.3.2"
    }
  }
}