{
  "stats": {
    "suites": 1,
    "tests": 2,
    "passes": 2,
    "pending": 0,
    "failures": 0,
    "start": "2026-03-23T16:55:46.200Z",
    "end": "2026-03-23T16:55:52.194Z",
    "duration": 5994,
    "testsRegistered": 2,
    "passPercent": 100,
    "pendingPercent": 0,
    "other": 0,
    "hasOther": false,
    "skipped": 0,
    "hasSkipped": false
  },
  "results": [
    {
      "uuid": "f94d4514-e6bc-40cb-a2a8-942638ea622e",
      "title": "",
      "fullFile": "cypress/e2e/formulaire.cy.js",
      "file": "cypress/e2e/formulaire.cy.js",
      "beforeHooks": [],
      "afterHooks": [],
      "tests": [],
      "suites": [
        {
          "uuid": "373b301a-c560-4cdd-8e43-53281fb2cd95",
          "title": "Test formulaire de connexion avec fixtures",
          "fullFile": "",
          "file": "",
          "beforeHooks": [],
          "afterHooks": [],
          "tests": [
            {
              "title": "Connexion avec des identifiants valides",
              "fullTitle": "Test formulaire de connexion avec fixtures Connexion avec des identifiants valides",
              "timedOut": null,
              "duration": 3050,
              "state": "passed",
              "speed": "fast",
              "pass": true,
              "fail": false,
              "pending": false,
              "context": null,
              "code": "cy.fixture('utilisateurs').then(data => {\n  cy.get('#username').type(data.valide.username);\n  cy.get('#password').type(data.valide.password);\n  cy.get('button[type=\"submit\"]').click();\n  cy.contains('You logged into a secure area!').should('be.visible');\n});",
              "err": {},
              "uuid": "8c38ba02-16c6-421e-b91c-31f9c0fe8c60",
              "parentUUID": "373b301a-c560-4cdd-8e43-53281fb2cd95",
              "isHook": false,
              "skipped": false
            },
            {
              "title": "Connexion avec des identifiants invalides",
              "fullTitle": "Test formulaire de connexion avec fixtures Connexion avec des identifiants invalides",
              "timedOut": null,
              "duration": 1160,
              "state": "passed",
              "speed": "fast",
              "pass": true,
              "fail": false,
              "pending": false,
              "context": null,
              "code": "cy.fixture('utilisateurs').then(data => {\n  cy.get('#username').type(data.invalide.username);\n  cy.get('#password').type(data.invalide.password);\n  cy.get('button[type=\"submit\"]').click();\n  cy.contains('Your username is invalid!').should('be.visible');\n});",
              "err": {},
              "uuid": "029db19a-f5e0-48ad-ae56-422b85dbf3b9",
              "parentUUID": "373b301a-c560-4cdd-8e43-53281fb2cd95",
              "isHook": false,
              "skipped": false
            }
          ],
          "suites": [],
          "passes": [
            "8c38ba02-16c6-421e-b91c-31f9c0fe8c60",
            "029db19a-f5e0-48ad-ae56-422b85dbf3b9"
          ],
          "failures": [],
          "pending": [],
          "skipped": [],
          "duration": 4210,
          "root": false,
          "rootEmpty": false,
          "_timeout": 2000
        }
      ],
      "passes": [],
      "failures": [],
      "pending": [],
      "skipped": [],
      "duration": 0,
      "root": true,
      "rootEmpty": true,
      "_timeout": 2000
    }
  ],
  "meta": {
    "mocha": {
      "version": "7.2.0"
    },
    "mochawesome": {
      "options": {
        "quiet": false,
        "reportFilename": "mochawesome",
        "saveHtml": false,
        "saveJson": true,
        "consoleReporter": "spec",
        "useInlineDiffs": false,
        "code": true
      },
      "version": "7.1.4"
    },
    "marge": {
      "options": {
        "reportDir": "cypress/reports",
        "overwrite": false,
        "html": false,
        "json": true
      },
      "version": "6.3.2"
    }
  }
}