{
  "stats": {
    "suites": 1,
    "tests": 2,
    "passes": 2,
    "pending": 0,
    "failures": 0,
    "start": "2026-03-23T16:56:00.639Z",
    "end": "2026-03-23T16:56:06.130Z",
    "duration": 5491,
    "testsRegistered": 2,
    "passPercent": 100,
    "pendingPercent": 0,
    "other": 0,
    "hasOther": false,
    "skipped": 0,
    "hasSkipped": false
  },
  "results": [
    {
      "uuid": "79b040a9-a415-4fa0-84d9-99df76373044",
      "title": "",
      "fullFile": "cypress/e2e/login.cy.js",
      "file": "cypress/e2e/login.cy.js",
      "beforeHooks": [],
      "afterHooks": [],
      "tests": [],
      "suites": [
        {
          "uuid": "010675f4-8dad-48b6-9278-26260685237c",
          "title": "Test Login avec Page Object Model",
          "fullFile": "",
          "file": "",
          "beforeHooks": [],
          "afterHooks": [],
          "tests": [
            {
              "title": "Connexion avec des identifiants valides",
              "fullTitle": "Test Login avec Page Object Model Connexion avec des identifiants valides",
              "timedOut": null,
              "duration": 2584,
              "state": "passed",
              "speed": "fast",
              "pass": true,
              "fail": false,
              "pending": false,
              "context": null,
              "code": "loginPage.login('tomsmith', 'SuperSecretPassword!');\nloginPage.getSuccessMessage().should('be.visible');",
              "err": {},
              "uuid": "aae5c8fd-caf8-45ea-8424-a93e692566f1",
              "parentUUID": "010675f4-8dad-48b6-9278-26260685237c",
              "isHook": false,
              "skipped": false
            },
            {
              "title": "Connexion avec des identifiants invalides",
              "fullTitle": "Test Login avec Page Object Model Connexion avec des identifiants invalides",
              "timedOut": null,
              "duration": 1193,
              "state": "passed",
              "speed": "fast",
              "pass": true,
              "fail": false,
              "pending": false,
              "context": null,
              "code": "loginPage.login('mauvaisutilisateur', 'mauvaismdp');\nloginPage.getErrorMessage().should('be.visible');",
              "err": {},
              "uuid": "ebf7b81b-8eee-41e9-bb08-b3adcb89b840",
              "parentUUID": "010675f4-8dad-48b6-9278-26260685237c",
              "isHook": false,
              "skipped": false
            }
          ],
          "suites": [],
          "passes": [
            "aae5c8fd-caf8-45ea-8424-a93e692566f1",
            "ebf7b81b-8eee-41e9-bb08-b3adcb89b840"
          ],
          "failures": [],
          "pending": [],
          "skipped": [],
          "duration": 3777,
          "root": false,
          "rootEmpty": false,
          "_timeout": 2000
        }
      ],
      "passes": [],
      "failures": [],
      "pending": [],
      "skipped": [],
      "duration": 0,
      "root": true,
      "rootEmpty": true,
      "_timeout": 2000
    }
  ],
  "meta": {
    "mocha": {
      "version": "7.2.0"
    },
    "mochawesome": {
      "options": {
        "quiet": false,
        "reportFilename": "mochawesome",
        "saveHtml": false,
        "saveJson": true,
        "consoleReporter": "spec",
        "useInlineDiffs": false,
        "code": true
      },
      "version": "7.1.4"
    },
    "marge": {
      "options": {
        "reportDir": "cypress/reports",
        "overwrite": false,
        "html": false,
        "json": true
      },
      "version": "6.3.2"
    }
  }
}