{
  "stats": {
    "suites": 1,
    "tests": 2,
    "passes": 2,
    "pending": 0,
    "failures": 0,
    "start": "2026-03-23T17:04:13.527Z",
    "end": "2026-03-23T17:04:19.337Z",
    "duration": 5810,
    "testsRegistered": 2,
    "passPercent": 100,
    "pendingPercent": 0,
    "other": 0,
    "hasOther": false,
    "skipped": 0,
    "hasSkipped": false
  },
  "results": [
    {
      "uuid": "5fc29c7f-1569-4ce5-b118-d525b0bc321d",
      "title": "",
      "fullFile": "cypress/e2e/login.cy.js",
      "file": "cypress/e2e/login.cy.js",
      "beforeHooks": [],
      "afterHooks": [],
      "tests": [],
      "suites": [
        {
          "uuid": "1708eb72-f213-4def-a6f4-2714ab85d1b4",
          "title": "Test Login avec Page Object Model",
          "fullFile": "",
          "file": "",
          "beforeHooks": [],
          "afterHooks": [],
          "tests": [
            {
              "title": "Connexion avec des identifiants valides",
              "fullTitle": "Test Login avec Page Object Model Connexion avec des identifiants valides",
              "timedOut": null,
              "duration": 2718,
              "state": "passed",
              "speed": "fast",
              "pass": true,
              "fail": false,
              "pending": false,
              "context": null,
              "code": "loginPage.login('tomsmith', 'SuperSecretPassword!');\nloginPage.getSuccessMessage().should('be.visible');",
              "err": {},
              "uuid": "ec710019-20d6-442b-afa2-d578811321c3",
              "parentUUID": "1708eb72-f213-4def-a6f4-2714ab85d1b4",
              "isHook": false,
              "skipped": false
            },
            {
              "title": "Connexion avec des identifiants invalides",
              "fullTitle": "Test Login avec Page Object Model Connexion avec des identifiants invalides",
              "timedOut": null,
              "duration": 1249,
              "state": "passed",
              "speed": "fast",
              "pass": true,
              "fail": false,
              "pending": false,
              "context": null,
              "code": "loginPage.login('mauvaisutilisateur', 'mauvaismdp');\nloginPage.getErrorMessage().should('be.visible');",
              "err": {},
              "uuid": "acb8bb95-149e-4391-9fdc-5e680df8911c",
              "parentUUID": "1708eb72-f213-4def-a6f4-2714ab85d1b4",
              "isHook": false,
              "skipped": false
            }
          ],
          "suites": [],
          "passes": [
            "ec710019-20d6-442b-afa2-d578811321c3",
            "acb8bb95-149e-4391-9fdc-5e680df8911c"
          ],
          "failures": [],
          "pending": [],
          "skipped": [],
          "duration": 3967,
          "root": false,
          "rootEmpty": false,
          "_timeout": 2000
        }
      ],
      "passes": [],
      "failures": [],
      "pending": [],
      "skipped": [],
      "duration": 0,
      "root": true,
      "rootEmpty": true,
      "_timeout": 2000
    }
  ],
  "meta": {
    "mocha": {
      "version": "7.2.0"
    },
    "mochawesome": {
      "options": {
        "quiet": false,
        "reportFilename": "mochawesome",
        "saveHtml": false,
        "saveJson": true,
        "consoleReporter": "spec",
        "useInlineDiffs": false,
        "code": true
      },
      "version": "7.1.4"
    },
    "marge": {
      "options": {
        "reportDir": "cypress/reports",
        "overwrite": false,
        "html": false,
        "json": true
      },
      "version": "6.3.2"
    }
  }
}