{
  "stats": {
    "suites": 1,
    "tests": 2,
    "passes": 2,
    "pending": 0,
    "failures": 0,
    "start": "2026-03-23T17:03:45.732Z",
    "end": "2026-03-23T17:03:53.119Z",
    "duration": 7387,
    "testsRegistered": 2,
    "passPercent": 100,
    "pendingPercent": 0,
    "other": 0,
    "hasOther": false,
    "skipped": 0,
    "hasSkipped": false
  },
  "results": [
    {
      "uuid": "3c3ebac0-652c-414d-880f-ad1271774d76",
      "title": "",
      "fullFile": "cypress/e2e/commande.cy.js",
      "file": "cypress/e2e/commande.cy.js",
      "beforeHooks": [],
      "afterHooks": [],
      "tests": [],
      "suites": [
        {
          "uuid": "83069a86-aecf-4da2-b6ef-eec12559c114",
          "title": "Test avec commandes personnalisées",
          "fullFile": "",
          "file": "",
          "beforeHooks": [],
          "afterHooks": [],
          "tests": [
            {
              "title": "Connexion réussie avec la commande login",
              "fullTitle": "Test avec commandes personnalisées Connexion réussie avec la commande login",
              "timedOut": null,
              "duration": 3471,
              "state": "passed",
              "speed": "fast",
              "pass": true,
              "fail": false,
              "pending": false,
              "context": null,
              "code": "cy.login('tomsmith', 'SuperSecretPassword!');\ncy.contains('You logged into a secure area!').should('be.visible');",
              "err": {},
              "uuid": "61851f88-ad53-46ff-8aee-2af10981f88a",
              "parentUUID": "83069a86-aecf-4da2-b6ef-eec12559c114",
              "isHook": false,
              "skipped": false
            },
            {
              "title": "Connexion échouée avec la commande login",
              "fullTitle": "Test avec commandes personnalisées Connexion échouée avec la commande login",
              "timedOut": null,
              "duration": 1209,
              "state": "passed",
              "speed": "fast",
              "pass": true,
              "fail": false,
              "pending": false,
              "context": null,
              "code": "cy.login('mauvaisutilisateur', 'mauvaismdp');\ncy.contains('Your username is invalid!').should('be.visible');",
              "err": {},
              "uuid": "8ab90898-4e57-4277-bb14-26ec7dd23d29",
              "parentUUID": "83069a86-aecf-4da2-b6ef-eec12559c114",
              "isHook": false,
              "skipped": false
            }
          ],
          "suites": [],
          "passes": [
            "61851f88-ad53-46ff-8aee-2af10981f88a",
            "8ab90898-4e57-4277-bb14-26ec7dd23d29"
          ],
          "failures": [],
          "pending": [],
          "skipped": [],
          "duration": 4680,
          "root": false,
          "rootEmpty": false,
          "_timeout": 2000
        }
      ],
      "passes": [],
      "failures": [],
      "pending": [],
      "skipped": [],
      "duration": 0,
      "root": true,
      "rootEmpty": true,
      "_timeout": 2000
    }
  ],
  "meta": {
    "mocha": {
      "version": "7.2.0"
    },
    "mochawesome": {
      "options": {
        "quiet": false,
        "reportFilename": "mochawesome",
        "saveHtml": false,
        "saveJson": true,
        "consoleReporter": "spec",
        "useInlineDiffs": false,
        "code": true
      },
      "version": "7.1.4"
    },
    "marge": {
      "options": {
        "reportDir": "cypress/reports",
        "overwrite": false,
        "html": false,
        "json": true
      },
      "version": "6.3.2"
    }
  }
}