{
  "stats": {
    "suites": 18,
    "tests": 39,
    "passes": 39,
    "pending": 0,
    "failures": 0,
    "testsRegistered": 39,
    "passPercent": 100,
    "pendingPercent": 0,
    "other": 0,
    "hasOther": false,
    "skipped": 0,
    "hasSkipped": false,
    "start": "2026-03-23T16:55:33.590Z",
    "end": "2026-03-24T08:10:43.071Z",
    "duration": 54909481
  },
  "results": [
    {
      "uuid": "74a68b2d-5678-4344-938a-e7a6973f8cad",
      "title": "",
      "fullFile": "cypress/e2e/commande.cy.js",
      "file": "cypress/e2e/commande.cy.js",
      "beforeHooks": [],
      "afterHooks": [],
      "tests": [],
      "suites": [
        {
          "uuid": "be82162e-9863-41be-9283-5a71d6de5b1c",
          "title": "Test avec commandes personnalisées",
          "fullFile": "",
          "file": "",
          "beforeHooks": [],
          "afterHooks": [],
          "tests": [
            {
              "title": "Connexion réussie avec la commande login",
              "fullTitle": "Test avec commandes personnalisées Connexion réussie avec la commande login",
              "timedOut": null,
              "duration": 3106,
              "state": "passed",
              "speed": "fast",
              "pass": true,
              "fail": false,
              "pending": false,
              "context": null,
              "code": "cy.login('tomsmith', 'SuperSecretPassword!');\ncy.contains('You logged into a secure area!').should('be.visible');",
              "err": {},
              "uuid": "839c7492-a35a-4b98-80b8-eae0cee105d5",
              "parentUUID": "be82162e-9863-41be-9283-5a71d6de5b1c",
              "isHook": false,
              "skipped": false
            },
            {
              "title": "Connexion échouée avec la commande login",
              "fullTitle": "Test avec commandes personnalisées Connexion échouée avec la commande login",
              "timedOut": null,
              "duration": 1244,
              "state": "passed",
              "speed": "fast",
              "pass": true,
              "fail": false,
              "pending": false,
              "context": null,
              "code": "cy.login('mauvaisutilisateur', 'mauvaismdp');\ncy.contains('Your username is invalid!').should('be.visible');",
              "err": {},
              "uuid": "b8103740-f8f9-45ac-b50f-fefd1069d050",
              "parentUUID": "be82162e-9863-41be-9283-5a71d6de5b1c",
              "isHook": false,
              "skipped": false
            }
          ],
          "suites": [],
          "passes": [
            "839c7492-a35a-4b98-80b8-eae0cee105d5",
            "b8103740-f8f9-45ac-b50f-fefd1069d050"
          ],
          "failures": [],
          "pending": [],
          "skipped": [],
          "duration": 4350,
          "root": false,
          "rootEmpty": false,
          "_timeout": 2000
        }
      ],
      "passes": [],
      "failures": [],
      "pending": [],
      "skipped": [],
      "duration": 0,
      "root": true,
      "rootEmpty": true,
      "_timeout": 2000
    },
    {
      "uuid": "15c88df3-91fc-4e7b-b675-1310dff85400",
      "title": "",
      "fullFile": "cypress/e2e/data-cy.cy.js",
      "file": "cypress/e2e/data-cy.cy.js",
      "beforeHooks": [],
      "afterHooks": [],
      "tests": [],
      "suites": [
        {
          "uuid": "3a50fa7f-dd3c-493d-bf72-e90dd98e17b1",
          "title": "Test avec sélecteurs data-cy",
          "fullFile": "",
          "file": "",
          "beforeHooks": [],
          "afterHooks": [],
          "tests": [
            {
              "title": "Vérifie que le titre est visible",
              "fullTitle": "Test avec sélecteurs data-cy Vérifie que le titre est visible",
              "timedOut": null,
              "duration": 288,
              "state": "passed",
              "speed": "fast",
              "pass": true,
              "fail": false,
              "pending": false,
              "context": null,
              "code": "cy.getByDataCy('titre').should('be.visible');\ncy.getByDataCy('titre').should('have.text', 'Bienvenue !');",
              "err": {},
              "uuid": "afd3106c-3047-4f7a-9489-dc5e58b2bc42",
              "parentUUID": "3a50fa7f-dd3c-493d-bf72-e90dd98e17b1",
              "isHook": false,
              "skipped": false
            },
            {
              "title": "Vérifie que le formulaire est bien affiché",
              "fullTitle": "Test avec sélecteurs data-cy Vérifie que le formulaire est bien affiché",
              "timedOut": null,
              "duration": 96,
              "state": "passed",
              "speed": "fast",
              "pass": true,
              "fail": false,
              "pending": false,
              "context": null,
              "code": "cy.getByDataCy('champ-username').should('be.visible');\ncy.getByDataCy('champ-password').should('be.visible');\ncy.getByDataCy('btn-connexion').should('be.visible');",
              "err": {},
              "uuid": "60fd0f0d-4b8f-452a-93cb-7e2edf4969c7",
              "parentUUID": "3a50fa7f-dd3c-493d-bf72-e90dd98e17b1",
              "isHook": false,
              "skipped": false
            },
            {
              "title": "Remplit le formulaire",
              "fullTitle": "Test avec sélecteurs data-cy Remplit le formulaire",
              "timedOut": null,
              "duration": 815,
              "state": "passed",
              "speed": "fast",
              "pass": true,
              "fail": false,
              "pending": false,
              "context": null,
              "code": "cy.getByDataCy('champ-username').type('monUtilisateur');\ncy.getByDataCy('champ-password').type('monMotDePasse');\ncy.getByDataCy('champ-username').should('have.value', 'monUtilisateur');\ncy.getByDataCy('champ-password').should('have.value', 'monMotDePasse');",
              "err": {},
              "uuid": "0535d45f-cf0b-41a9-b5ba-39ce74d67167",
              "parentUUID": "3a50fa7f-dd3c-493d-bf72-e90dd98e17b1",
              "isHook": false,
              "skipped": false
            }
          ],
          "suites": [],
          "passes": [
            "afd3106c-3047-4f7a-9489-dc5e58b2bc42",
            "60fd0f0d-4b8f-452a-93cb-7e2edf4969c7",
            "0535d45f-cf0b-41a9-b5ba-39ce74d67167"
          ],
          "failures": [],
          "pending": [],
          "skipped": [],
          "duration": 1199,
          "root": false,
          "rootEmpty": false,
          "_timeout": 2000
        }
      ],
      "passes": [],
      "failures": [],
      "pending": [],
      "skipped": [],
      "duration": 0,
      "root": true,
      "rootEmpty": true,
      "_timeout": 2000
    },
    {
      "uuid": "f94d4514-e6bc-40cb-a2a8-942638ea622e",
      "title": "",
      "fullFile": "cypress/e2e/formulaire.cy.js",
      "file": "cypress/e2e/formulaire.cy.js",
      "beforeHooks": [],
      "afterHooks": [],
      "tests": [],
      "suites": [
        {
          "uuid": "373b301a-c560-4cdd-8e43-53281fb2cd95",
          "title": "Test formulaire de connexion avec fixtures",
          "fullFile": "",
          "file": "",
          "beforeHooks": [],
          "afterHooks": [],
          "tests": [
            {
              "title": "Connexion avec des identifiants valides",
              "fullTitle": "Test formulaire de connexion avec fixtures Connexion avec des identifiants valides",
              "timedOut": null,
              "duration": 3050,
              "state": "passed",
              "speed": "fast",
              "pass": true,
              "fail": false,
              "pending": false,
              "context": null,
              "code": "cy.fixture('utilisateurs').then(data => {\n  cy.get('#username').type(data.valide.username);\n  cy.get('#password').type(data.valide.password);\n  cy.get('button[type=\"submit\"]').click();\n  cy.contains('You logged into a secure area!').should('be.visible');\n});",
              "err": {},
              "uuid": "8c38ba02-16c6-421e-b91c-31f9c0fe8c60",
              "parentUUID": "373b301a-c560-4cdd-8e43-53281fb2cd95",
              "isHook": false,
              "skipped": false
            },
            {
              "title": "Connexion avec des identifiants invalides",
              "fullTitle": "Test formulaire de connexion avec fixtures Connexion avec des identifiants invalides",
              "timedOut": null,
              "duration": 1160,
              "state": "passed",
              "speed": "fast",
              "pass": true,
              "fail": false,
              "pending": false,
              "context": null,
              "code": "cy.fixture('utilisateurs').then(data => {\n  cy.get('#username').type(data.invalide.username);\n  cy.get('#password').type(data.invalide.password);\n  cy.get('button[type=\"submit\"]').click();\n  cy.contains('Your username is invalid!').should('be.visible');\n});",
              "err": {},
              "uuid": "029db19a-f5e0-48ad-ae56-422b85dbf3b9",
              "parentUUID": "373b301a-c560-4cdd-8e43-53281fb2cd95",
              "isHook": false,
              "skipped": false
            }
          ],
          "suites": [],
          "passes": [
            "8c38ba02-16c6-421e-b91c-31f9c0fe8c60",
            "029db19a-f5e0-48ad-ae56-422b85dbf3b9"
          ],
          "failures": [],
          "pending": [],
          "skipped": [],
          "duration": 4210,
          "root": false,
          "rootEmpty": false,
          "_timeout": 2000
        }
      ],
      "passes": [],
      "failures": [],
      "pending": [],
      "skipped": [],
      "duration": 0,
      "root": true,
      "rootEmpty": true,
      "_timeout": 2000
    },
    {
      "uuid": "043f81cb-45ea-4921-83a7-f2de00702a5e",
      "title": "",
      "fullFile": "cypress/e2e/intercept.cy.js",
      "file": "cypress/e2e/intercept.cy.js",
      "beforeHooks": [],
      "afterHooks": [],
      "tests": [],
      "suites": [
        {
          "uuid": "f7906be3-fca7-4890-a7e9-3f4f87bd855e",
          "title": "Test avec cy.intercept()",
          "fullFile": "",
          "file": "",
          "beforeHooks": [],
          "afterHooks": [],
          "tests": [
            {
              "title": "Vérifie que la page secure est bien chargée",
              "fullTitle": "Test avec cy.intercept() Vérifie que la page secure est bien chargée",
              "timedOut": null,
              "duration": 2644,
              "state": "passed",
              "speed": "fast",
              "pass": true,
              "fail": false,
              "pending": false,
              "context": null,
              "code": "cy.intercept('GET', '**/secure').as('securePage');\ncy.login('tomsmith', 'SuperSecretPassword!');\ncy.wait('@securePage').then(interception => {\n  expect(interception.response.statusCode).to.equal(200);\n});",
              "err": {},
              "uuid": "5df29852-dbf1-4c0e-bfcb-227ced2196cf",
              "parentUUID": "f7906be3-fca7-4890-a7e9-3f4f87bd855e",
              "isHook": false,
              "skipped": false
            }
          ],
          "suites": [],
          "passes": [
            "5df29852-dbf1-4c0e-bfcb-227ced2196cf"
          ],
          "failures": [],
          "pending": [],
          "skipped": [],
          "duration": 2644,
          "root": false,
          "rootEmpty": false,
          "_timeout": 2000
        }
      ],
      "passes": [],
      "failures": [],
      "pending": [],
      "skipped": [],
      "duration": 0,
      "root": true,
      "rootEmpty": true,
      "_timeout": 2000
    },
    {
      "uuid": "79b040a9-a415-4fa0-84d9-99df76373044",
      "title": "",
      "fullFile": "cypress/e2e/login.cy.js",
      "file": "cypress/e2e/login.cy.js",
      "beforeHooks": [],
      "afterHooks": [],
      "tests": [],
      "suites": [
        {
          "uuid": "010675f4-8dad-48b6-9278-26260685237c",
          "title": "Test Login avec Page Object Model",
          "fullFile": "",
          "file": "",
          "beforeHooks": [],
          "afterHooks": [],
          "tests": [
            {
              "title": "Connexion avec des identifiants valides",
              "fullTitle": "Test Login avec Page Object Model Connexion avec des identifiants valides",
              "timedOut": null,
              "duration": 2584,
              "state": "passed",
              "speed": "fast",
              "pass": true,
              "fail": false,
              "pending": false,
              "context": null,
              "code": "loginPage.login('tomsmith', 'SuperSecretPassword!');\nloginPage.getSuccessMessage().should('be.visible');",
              "err": {},
              "uuid": "aae5c8fd-caf8-45ea-8424-a93e692566f1",
              "parentUUID": "010675f4-8dad-48b6-9278-26260685237c",
              "isHook": false,
              "skipped": false
            },
            {
              "title": "Connexion avec des identifiants invalides",
              "fullTitle": "Test Login avec Page Object Model Connexion avec des identifiants invalides",
              "timedOut": null,
              "duration": 1193,
              "state": "passed",
              "speed": "fast",
              "pass": true,
              "fail": false,
              "pending": false,
              "context": null,
              "code": "loginPage.login('mauvaisutilisateur', 'mauvaismdp');\nloginPage.getErrorMessage().should('be.visible');",
              "err": {},
              "uuid": "ebf7b81b-8eee-41e9-bb08-b3adcb89b840",
              "parentUUID": "010675f4-8dad-48b6-9278-26260685237c",
              "isHook": false,
              "skipped": false
            }
          ],
          "suites": [],
          "passes": [
            "aae5c8fd-caf8-45ea-8424-a93e692566f1",
            "ebf7b81b-8eee-41e9-bb08-b3adcb89b840"
          ],
          "failures": [],
          "pending": [],
          "skipped": [],
          "duration": 3777,
          "root": false,
          "rootEmpty": false,
          "_timeout": 2000
        }
      ],
      "passes": [],
      "failures": [],
      "pending": [],
      "skipped": [],
      "duration": 0,
      "root": true,
      "rootEmpty": true,
      "_timeout": 2000
    },
    {
      "uuid": "f1b4bce4-d02a-40f6-9d88-1e212b4d5a4a",
      "title": "",
      "fullFile": "cypress/e2e/mon-premier-test.cy.js",
      "file": "cypress/e2e/mon-premier-test.cy.js",
      "beforeHooks": [],
      "afterHooks": [],
      "tests": [],
      "suites": [
        {
          "uuid": "1263bc88-3ca5-4416-8929-905be1f1e8fe",
          "title": "Mon deuxième test",
          "fullFile": "",
          "file": "",
          "beforeHooks": [],
          "afterHooks": [],
          "tests": [
            {
              "title": "Visite le site de démo Cypress",
              "fullTitle": "Mon deuxième test Visite le site de démo Cypress",
              "timedOut": null,
              "duration": 880,
              "state": "passed",
              "speed": "fast",
              "pass": true,
              "fail": false,
              "pending": false,
              "context": null,
              "code": "cy.visit('https://example.cypress.io');",
              "err": {},
              "uuid": "0a948320-e59d-43fb-950f-f638fdf88bf5",
              "parentUUID": "1263bc88-3ca5-4416-8929-905be1f1e8fe",
              "isHook": false,
              "skipped": false
            },
            {
              "title": "Clique sur un lien",
              "fullTitle": "Mon deuxième test Clique sur un lien",
              "timedOut": null,
              "duration": 514,
              "state": "passed",
              "speed": "fast",
              "pass": true,
              "fail": false,
              "pending": false,
              "context": null,
              "code": "cy.visit('https://example.cypress.io');\ncy.contains('type').click();\ncy.url().should('include', '/commands/actions');",
              "err": {},
              "uuid": "5b82d6f3-a555-48ca-8ada-a5693477ff10",
              "parentUUID": "1263bc88-3ca5-4416-8929-905be1f1e8fe",
              "isHook": false,
              "skipped": false
            },
            {
              "title": "Tape du texte dans un champ",
              "fullTitle": "Mon deuxième test Tape du texte dans un champ",
              "timedOut": null,
              "duration": 443,
              "state": "passed",
              "speed": "fast",
              "pass": true,
              "fail": false,
              "pending": false,
              "context": null,
              "code": "cy.visit('https://example.cypress.io/commands/actions');\ncy.get('.action-email').type('test@gmail.com');\ncy.get('.action-email').should('have.value', 'test@gmail.com');",
              "err": {},
              "uuid": "bc038cd0-9cae-4cc4-b51e-5b1329ebb6ab",
              "parentUUID": "1263bc88-3ca5-4416-8929-905be1f1e8fe",
              "isHook": false,
              "skipped": false
            }
          ],
          "suites": [],
          "passes": [
            "0a948320-e59d-43fb-950f-f638fdf88bf5",
            "5b82d6f3-a555-48ca-8ada-a5693477ff10",
            "bc038cd0-9cae-4cc4-b51e-5b1329ebb6ab"
          ],
          "failures": [],
          "pending": [],
          "skipped": [],
          "duration": 1837,
          "root": false,
          "rootEmpty": false,
          "_timeout": 2000
        }
      ],
      "passes": [],
      "failures": [],
      "pending": [],
      "skipped": [],
      "duration": 0,
      "root": true,
      "rootEmpty": true,
      "_timeout": 2000
    },
    {
      "uuid": "3c3ebac0-652c-414d-880f-ad1271774d76",
      "title": "",
      "fullFile": "cypress/e2e/commande.cy.js",
      "file": "cypress/e2e/commande.cy.js",
      "beforeHooks": [],
      "afterHooks": [],
      "tests": [],
      "suites": [
        {
          "uuid": "83069a86-aecf-4da2-b6ef-eec12559c114",
          "title": "Test avec commandes personnalisées",
          "fullFile": "",
          "file": "",
          "beforeHooks": [],
          "afterHooks": [],
          "tests": [
            {
              "title": "Connexion réussie avec la commande login",
              "fullTitle": "Test avec commandes personnalisées Connexion réussie avec la commande login",
              "timedOut": null,
              "duration": 3471,
              "state": "passed",
              "speed": "fast",
              "pass": true,
              "fail": false,
              "pending": false,
              "context": null,
              "code": "cy.login('tomsmith', 'SuperSecretPassword!');\ncy.contains('You logged into a secure area!').should('be.visible');",
              "err": {},
              "uuid": "61851f88-ad53-46ff-8aee-2af10981f88a",
              "parentUUID": "83069a86-aecf-4da2-b6ef-eec12559c114",
              "isHook": false,
              "skipped": false
            },
            {
              "title": "Connexion échouée avec la commande login",
              "fullTitle": "Test avec commandes personnalisées Connexion échouée avec la commande login",
              "timedOut": null,
              "duration": 1209,
              "state": "passed",
              "speed": "fast",
              "pass": true,
              "fail": false,
              "pending": false,
              "context": null,
              "code": "cy.login('mauvaisutilisateur', 'mauvaismdp');\ncy.contains('Your username is invalid!').should('be.visible');",
              "err": {},
              "uuid": "8ab90898-4e57-4277-bb14-26ec7dd23d29",
              "parentUUID": "83069a86-aecf-4da2-b6ef-eec12559c114",
              "isHook": false,
              "skipped": false
            }
          ],
          "suites": [],
          "passes": [
            "61851f88-ad53-46ff-8aee-2af10981f88a",
            "8ab90898-4e57-4277-bb14-26ec7dd23d29"
          ],
          "failures": [],
          "pending": [],
          "skipped": [],
          "duration": 4680,
          "root": false,
          "rootEmpty": false,
          "_timeout": 2000
        }
      ],
      "passes": [],
      "failures": [],
      "pending": [],
      "skipped": [],
      "duration": 0,
      "root": true,
      "rootEmpty": true,
      "_timeout": 2000
    },
    {
      "uuid": "e148976f-9620-41ae-8fb7-fa7842e84056",
      "title": "",
      "fullFile": "cypress/e2e/data-cy.cy.js",
      "file": "cypress/e2e/data-cy.cy.js",
      "beforeHooks": [],
      "afterHooks": [],
      "tests": [],
      "suites": [
        {
          "uuid": "d9d50c21-e53d-4729-b9ed-ed094abc5b7e",
          "title": "Test avec sélecteurs data-cy",
          "fullFile": "",
          "file": "",
          "beforeHooks": [],
          "afterHooks": [],
          "tests": [
            {
              "title": "Vérifie que le titre est visible",
              "fullTitle": "Test avec sélecteurs data-cy Vérifie que le titre est visible",
              "timedOut": null,
              "duration": 227,
              "state": "passed",
              "speed": "fast",
              "pass": true,
              "fail": false,
              "pending": false,
              "context": null,
              "code": "cy.getByDataCy('titre').should('be.visible');\ncy.getByDataCy('titre').should('have.text', 'Bienvenue !');",
              "err": {},
              "uuid": "bd886b85-8835-4b1d-ba4d-41007b5e16ad",
              "parentUUID": "d9d50c21-e53d-4729-b9ed-ed094abc5b7e",
              "isHook": false,
              "skipped": false
            },
            {
              "title": "Vérifie que le formulaire est bien affiché",
              "fullTitle": "Test avec sélecteurs data-cy Vérifie que le formulaire est bien affiché",
              "timedOut": null,
              "duration": 72,
              "state": "passed",
              "speed": "fast",
              "pass": true,
              "fail": false,
              "pending": false,
              "context": null,
              "code": "cy.getByDataCy('champ-username').should('be.visible');\ncy.getByDataCy('champ-password').should('be.visible');\ncy.getByDataCy('btn-connexion').should('be.visible');",
              "err": {},
              "uuid": "f1a6e4ef-10eb-4201-ab6b-733653184caf",
              "parentUUID": "d9d50c21-e53d-4729-b9ed-ed094abc5b7e",
              "isHook": false,
              "skipped": false
            },
            {
              "title": "Remplit le formulaire",
              "fullTitle": "Test avec sélecteurs data-cy Remplit le formulaire",
              "timedOut": null,
              "duration": 751,
              "state": "passed",
              "speed": "fast",
              "pass": true,
              "fail": false,
              "pending": false,
              "context": null,
              "code": "cy.getByDataCy('champ-username').type('monUtilisateur');\ncy.getByDataCy('champ-password').type('monMotDePasse');\ncy.getByDataCy('champ-username').should('have.value', 'monUtilisateur');\ncy.getByDataCy('champ-password').should('have.value', 'monMotDePasse');",
              "err": {},
              "uuid": "b014d7db-ece6-4204-8364-4c3977caf9c0",
              "parentUUID": "d9d50c21-e53d-4729-b9ed-ed094abc5b7e",
              "isHook": false,
              "skipped": false
            }
          ],
          "suites": [],
          "passes": [
            "bd886b85-8835-4b1d-ba4d-41007b5e16ad",
            "f1a6e4ef-10eb-4201-ab6b-733653184caf",
            "b014d7db-ece6-4204-8364-4c3977caf9c0"
          ],
          "failures": [],
          "pending": [],
          "skipped": [],
          "duration": 1050,
          "root": false,
          "rootEmpty": false,
          "_timeout": 2000
        }
      ],
      "passes": [],
      "failures": [],
      "pending": [],
      "skipped": [],
      "duration": 0,
      "root": true,
      "rootEmpty": true,
      "_timeout": 2000
    },
    {
      "uuid": "aaaf27be-e9d7-49f9-ae57-40e7e5fb857d",
      "title": "",
      "fullFile": "cypress/e2e/formulaire.cy.js",
      "file": "cypress/e2e/formulaire.cy.js",
      "beforeHooks": [],
      "afterHooks": [],
      "tests": [],
      "suites": [
        {
          "uuid": "bbf55136-a818-4362-862f-dac3c2c1eeff",
          "title": "Test formulaire de connexion avec fixtures",
          "fullFile": "",
          "file": "",
          "beforeHooks": [],
          "afterHooks": [],
          "tests": [
            {
              "title": "Connexion avec des identifiants valides",
              "fullTitle": "Test formulaire de connexion avec fixtures Connexion avec des identifiants valides",
              "timedOut": null,
              "duration": 3186,
              "state": "passed",
              "speed": "fast",
              "pass": true,
              "fail": false,
              "pending": false,
              "context": null,
              "code": "cy.fixture('utilisateurs').then(data => {\n  cy.get('#username').type(data.valide.username);\n  cy.get('#password').type(data.valide.password);\n  cy.get('button[type=\"submit\"]').click();\n  cy.contains('You logged into a secure area!').should('be.visible');\n});",
              "err": {},
              "uuid": "2ec84dd3-5a7a-46a6-afac-ddd5b5148395",
              "parentUUID": "bbf55136-a818-4362-862f-dac3c2c1eeff",
              "isHook": false,
              "skipped": false
            },
            {
              "title": "Connexion avec des identifiants invalides",
              "fullTitle": "Test formulaire de connexion avec fixtures Connexion avec des identifiants invalides",
              "timedOut": null,
              "duration": 1402,
              "state": "passed",
              "speed": "fast",
              "pass": true,
              "fail": false,
              "pending": false,
              "context": null,
              "code": "cy.fixture('utilisateurs').then(data => {\n  cy.get('#username').type(data.invalide.username);\n  cy.get('#password').type(data.invalide.password);\n  cy.get('button[type=\"submit\"]').click();\n  cy.contains('Your username is invalid!').should('be.visible');\n});",
              "err": {},
              "uuid": "6658f638-4768-436e-aac2-bc6e41676a12",
              "parentUUID": "bbf55136-a818-4362-862f-dac3c2c1eeff",
              "isHook": false,
              "skipped": false
            }
          ],
          "suites": [],
          "passes": [
            "2ec84dd3-5a7a-46a6-afac-ddd5b5148395",
            "6658f638-4768-436e-aac2-bc6e41676a12"
          ],
          "failures": [],
          "pending": [],
          "skipped": [],
          "duration": 4588,
          "root": false,
          "rootEmpty": false,
          "_timeout": 2000
        }
      ],
      "passes": [],
      "failures": [],
      "pending": [],
      "skipped": [],
      "duration": 0,
      "root": true,
      "rootEmpty": true,
      "_timeout": 2000
    },
    {
      "uuid": "3b87ab9c-f635-449d-a4d0-1212b3d3d898",
      "title": "",
      "fullFile": "cypress/e2e/intercept.cy.js",
      "file": "cypress/e2e/intercept.cy.js",
      "beforeHooks": [],
      "afterHooks": [],
      "tests": [],
      "suites": [
        {
          "uuid": "48d944f8-9500-4638-9fd0-3913f274f44a",
          "title": "Test avec cy.intercept()",
          "fullFile": "",
          "file": "",
          "beforeHooks": [],
          "afterHooks": [],
          "tests": [
            {
              "title": "Vérifie que la page secure est bien chargée",
              "fullTitle": "Test avec cy.intercept() Vérifie que la page secure est bien chargée",
              "timedOut": null,
              "duration": 2443,
              "state": "passed",
              "speed": "fast",
              "pass": true,
              "fail": false,
              "pending": false,
              "context": null,
              "code": "cy.intercept('GET', '**/secure').as('securePage');\ncy.login('tomsmith', 'SuperSecretPassword!');\ncy.wait('@securePage').then(interception => {\n  expect(interception.response.statusCode).to.equal(200);\n});",
              "err": {},
              "uuid": "b94b65ae-a3b2-4a83-8897-a25134abb696",
              "parentUUID": "48d944f8-9500-4638-9fd0-3913f274f44a",
              "isHook": false,
              "skipped": false
            }
          ],
          "suites": [],
          "passes": [
            "b94b65ae-a3b2-4a83-8897-a25134abb696"
          ],
          "failures": [],
          "pending": [],
          "skipped": [],
          "duration": 2443,
          "root": false,
          "rootEmpty": false,
          "_timeout": 2000
        }
      ],
      "passes": [],
      "failures": [],
      "pending": [],
      "skipped": [],
      "duration": 0,
      "root": true,
      "rootEmpty": true,
      "_timeout": 2000
    },
    {
      "uuid": "5fc29c7f-1569-4ce5-b118-d525b0bc321d",
      "title": "",
      "fullFile": "cypress/e2e/login.cy.js",
      "file": "cypress/e2e/login.cy.js",
      "beforeHooks": [],
      "afterHooks": [],
      "tests": [],
      "suites": [
        {
          "uuid": "1708eb72-f213-4def-a6f4-2714ab85d1b4",
          "title": "Test Login avec Page Object Model",
          "fullFile": "",
          "file": "",
          "beforeHooks": [],
          "afterHooks": [],
          "tests": [
            {
              "title": "Connexion avec des identifiants valides",
              "fullTitle": "Test Login avec Page Object Model Connexion avec des identifiants valides",
              "timedOut": null,
              "duration": 2718,
              "state": "passed",
              "speed": "fast",
              "pass": true,
              "fail": false,
              "pending": false,
              "context": null,
              "code": "loginPage.login('tomsmith', 'SuperSecretPassword!');\nloginPage.getSuccessMessage().should('be.visible');",
              "err": {},
              "uuid": "ec710019-20d6-442b-afa2-d578811321c3",
              "parentUUID": "1708eb72-f213-4def-a6f4-2714ab85d1b4",
              "isHook": false,
              "skipped": false
            },
            {
              "title": "Connexion avec des identifiants invalides",
              "fullTitle": "Test Login avec Page Object Model Connexion avec des identifiants invalides",
              "timedOut": null,
              "duration": 1249,
              "state": "passed",
              "speed": "fast",
              "pass": true,
              "fail": false,
              "pending": false,
              "context": null,
              "code": "loginPage.login('mauvaisutilisateur', 'mauvaismdp');\nloginPage.getErrorMessage().should('be.visible');",
              "err": {},
              "uuid": "acb8bb95-149e-4391-9fdc-5e680df8911c",
              "parentUUID": "1708eb72-f213-4def-a6f4-2714ab85d1b4",
              "isHook": false,
              "skipped": false
            }
          ],
          "suites": [],
          "passes": [
            "ec710019-20d6-442b-afa2-d578811321c3",
            "acb8bb95-149e-4391-9fdc-5e680df8911c"
          ],
          "failures": [],
          "pending": [],
          "skipped": [],
          "duration": 3967,
          "root": false,
          "rootEmpty": false,
          "_timeout": 2000
        }
      ],
      "passes": [],
      "failures": [],
      "pending": [],
      "skipped": [],
      "duration": 0,
      "root": true,
      "rootEmpty": true,
      "_timeout": 2000
    },
    {
      "uuid": "4190fe10-5e0d-4ed0-b275-249978c2a12f",
      "title": "",
      "fullFile": "cypress/e2e/mon-premier-test.cy.js",
      "file": "cypress/e2e/mon-premier-test.cy.js",
      "beforeHooks": [],
      "afterHooks": [],
      "tests": [],
      "suites": [
        {
          "uuid": "546e396b-ee69-41c7-8880-bfe88a7ec532",
          "title": "Mon deuxième test",
          "fullFile": "",
          "file": "",
          "beforeHooks": [],
          "afterHooks": [],
          "tests": [
            {
              "title": "Visite le site de démo Cypress",
              "fullTitle": "Mon deuxième test Visite le site de démo Cypress",
              "timedOut": null,
              "duration": 860,
              "state": "passed",
              "speed": "fast",
              "pass": true,
              "fail": false,
              "pending": false,
              "context": null,
              "code": "cy.visit('https://example.cypress.io');",
              "err": {},
              "uuid": "0ee03dd7-2c14-4584-bb4f-a9ca983e0393",
              "parentUUID": "546e396b-ee69-41c7-8880-bfe88a7ec532",
              "isHook": false,
              "skipped": false
            },
            {
              "title": "Clique sur un lien",
              "fullTitle": "Mon deuxième test Clique sur un lien",
              "timedOut": null,
              "duration": 449,
              "state": "passed",
              "speed": "fast",
              "pass": true,
              "fail": false,
              "pending": false,
              "context": null,
              "code": "cy.visit('https://example.cypress.io');\ncy.contains('type').click();\ncy.url().should('include', '/commands/actions');",
              "err": {},
              "uuid": "4a7be440-7828-4e7b-908f-9d26b97e2743",
              "parentUUID": "546e396b-ee69-41c7-8880-bfe88a7ec532",
              "isHook": false,
              "skipped": false
            },
            {
              "title": "Tape du texte dans un champ",
              "fullTitle": "Mon deuxième test Tape du texte dans un champ",
              "timedOut": null,
              "duration": 450,
              "state": "passed",
              "speed": "fast",
              "pass": true,
              "fail": false,
              "pending": false,
              "context": null,
              "code": "cy.visit('https://example.cypress.io/commands/actions');\ncy.get('.action-email').type('test@gmail.com');\ncy.get('.action-email').should('have.value', 'test@gmail.com');",
              "err": {},
              "uuid": "eee4db95-9722-4674-af2c-7e49c464bcc1",
              "parentUUID": "546e396b-ee69-41c7-8880-bfe88a7ec532",
              "isHook": false,
              "skipped": false
            }
          ],
          "suites": [],
          "passes": [
            "0ee03dd7-2c14-4584-bb4f-a9ca983e0393",
            "4a7be440-7828-4e7b-908f-9d26b97e2743",
            "eee4db95-9722-4674-af2c-7e49c464bcc1"
          ],
          "failures": [],
          "pending": [],
          "skipped": [],
          "duration": 1759,
          "root": false,
          "rootEmpty": false,
          "_timeout": 2000
        }
      ],
      "passes": [],
      "failures": [],
      "pending": [],
      "skipped": [],
      "duration": 0,
      "root": true,
      "rootEmpty": true,
      "_timeout": 2000
    },
    {
      "uuid": "a0ef6079-d992-423b-bbda-d83c9c0e4b8d",
      "title": "",
      "fullFile": "cypress/e2e/commande.cy.js",
      "file": "cypress/e2e/commande.cy.js",
      "beforeHooks": [],
      "afterHooks": [],
      "tests": [],
      "suites": [
        {
          "uuid": "2a1de621-5dc4-4dae-b1ff-039cd1564f3d",
          "title": "Test avec commandes personnalisées",
          "fullFile": "",
          "file": "",
          "beforeHooks": [],
          "afterHooks": [],
          "tests": [
            {
              "title": "Connexion réussie avec la commande login",
              "fullTitle": "Test avec commandes personnalisées Connexion réussie avec la commande login",
              "timedOut": null,
              "duration": 3293,
              "state": "passed",
              "speed": "fast",
              "pass": true,
              "fail": false,
              "pending": false,
              "context": null,
              "code": "cy.login('tomsmith', 'SuperSecretPassword!');\ncy.contains('You logged into a secure area!').should('be.visible');",
              "err": {},
              "uuid": "776b62f2-5fe8-4127-be52-064045e5986f",
              "parentUUID": "2a1de621-5dc4-4dae-b1ff-039cd1564f3d",
              "isHook": false,
              "skipped": false
            },
            {
              "title": "Connexion échouée avec la commande login",
              "fullTitle": "Test avec commandes personnalisées Connexion échouée avec la commande login",
              "timedOut": null,
              "duration": 1258,
              "state": "passed",
              "speed": "fast",
              "pass": true,
              "fail": false,
              "pending": false,
              "context": null,
              "code": "cy.login('mauvaisutilisateur', 'mauvaismdp');\ncy.contains('Your username is invalid!').should('be.visible');",
              "err": {},
              "uuid": "54662f0e-510b-4b8c-a158-9e6fa46a3fdd",
              "parentUUID": "2a1de621-5dc4-4dae-b1ff-039cd1564f3d",
              "isHook": false,
              "skipped": false
            }
          ],
          "suites": [],
          "passes": [
            "776b62f2-5fe8-4127-be52-064045e5986f",
            "54662f0e-510b-4b8c-a158-9e6fa46a3fdd"
          ],
          "failures": [],
          "pending": [],
          "skipped": [],
          "duration": 4551,
          "root": false,
          "rootEmpty": false,
          "_timeout": 2000
        }
      ],
      "passes": [],
      "failures": [],
      "pending": [],
      "skipped": [],
      "duration": 0,
      "root": true,
      "rootEmpty": true,
      "_timeout": 2000
    },
    {
      "uuid": "ed60d156-f4ca-4837-b2a5-285e3a06afb6",
      "title": "",
      "fullFile": "cypress/e2e/data-cy.cy.js",
      "file": "cypress/e2e/data-cy.cy.js",
      "beforeHooks": [],
      "afterHooks": [],
      "tests": [],
      "suites": [
        {
          "uuid": "3678784f-0344-4aa9-810e-38fb61ddbded",
          "title": "Test avec sélecteurs data-cy",
          "fullFile": "",
          "file": "",
          "beforeHooks": [],
          "afterHooks": [],
          "tests": [
            {
              "title": "Vérifie que le titre est visible",
              "fullTitle": "Test avec sélecteurs data-cy Vérifie que le titre est visible",
              "timedOut": null,
              "duration": 243,
              "state": "passed",
              "speed": "fast",
              "pass": true,
              "fail": false,
              "pending": false,
              "context": null,
              "code": "cy.getByDataCy('titre').should('be.visible');\ncy.getByDataCy('titre').should('have.text', 'Bienvenue !');",
              "err": {},
              "uuid": "8f3e905a-cb07-42b6-aeb1-936b4c0d1e57",
              "parentUUID": "3678784f-0344-4aa9-810e-38fb61ddbded",
              "isHook": false,
              "skipped": false
            },
            {
              "title": "Vérifie que le formulaire est bien affiché",
              "fullTitle": "Test avec sélecteurs data-cy Vérifie que le formulaire est bien affiché",
              "timedOut": null,
              "duration": 78,
              "state": "passed",
              "speed": "fast",
              "pass": true,
              "fail": false,
              "pending": false,
              "context": null,
              "code": "cy.getByDataCy('champ-username').should('be.visible');\ncy.getByDataCy('champ-password').should('be.visible');\ncy.getByDataCy('btn-connexion').should('be.visible');",
              "err": {},
              "uuid": "dc6a4883-238a-4dd2-8005-74bae9cddd3b",
              "parentUUID": "3678784f-0344-4aa9-810e-38fb61ddbded",
              "isHook": false,
              "skipped": false
            },
            {
              "title": "Remplit le formulaire",
              "fullTitle": "Test avec sélecteurs data-cy Remplit le formulaire",
              "timedOut": null,
              "duration": 750,
              "state": "passed",
              "speed": "fast",
              "pass": true,
              "fail": false,
              "pending": false,
              "context": null,
              "code": "cy.getByDataCy('champ-username').type('monUtilisateur');\ncy.getByDataCy('champ-password').type('monMotDePasse');\ncy.getByDataCy('champ-username').should('have.value', 'monUtilisateur');\ncy.getByDataCy('champ-password').should('have.value', 'monMotDePasse');",
              "err": {},
              "uuid": "f1ab06f2-7e01-4810-8fc2-dda71f091408",
              "parentUUID": "3678784f-0344-4aa9-810e-38fb61ddbded",
              "isHook": false,
              "skipped": false
            }
          ],
          "suites": [],
          "passes": [
            "8f3e905a-cb07-42b6-aeb1-936b4c0d1e57",
            "dc6a4883-238a-4dd2-8005-74bae9cddd3b",
            "f1ab06f2-7e01-4810-8fc2-dda71f091408"
          ],
          "failures": [],
          "pending": [],
          "skipped": [],
          "duration": 1071,
          "root": false,
          "rootEmpty": false,
          "_timeout": 2000
        }
      ],
      "passes": [],
      "failures": [],
      "pending": [],
      "skipped": [],
      "duration": 0,
      "root": true,
      "rootEmpty": true,
      "_timeout": 2000
    },
    {
      "uuid": "227a81f8-efd3-4467-8b0f-0629b6ca1b1e",
      "title": "",
      "fullFile": "cypress/e2e/formulaire.cy.js",
      "file": "cypress/e2e/formulaire.cy.js",
      "beforeHooks": [],
      "afterHooks": [],
      "tests": [],
      "suites": [
        {
          "uuid": "e9b14d03-c442-4a97-be9b-b069642d591d",
          "title": "Test formulaire de connexion avec fixtures",
          "fullFile": "",
          "file": "",
          "beforeHooks": [],
          "afterHooks": [],
          "tests": [
            {
              "title": "Connexion avec des identifiants valides",
              "fullTitle": "Test formulaire de connexion avec fixtures Connexion avec des identifiants valides",
              "timedOut": null,
              "duration": 2796,
              "state": "passed",
              "speed": "fast",
              "pass": true,
              "fail": false,
              "pending": false,
              "context": null,
              "code": "cy.fixture('utilisateurs').then(data => {\n  cy.get('#username').type(data.valide.username);\n  cy.get('#password').type(data.valide.password);\n  cy.get('button[type=\"submit\"]').click();\n  cy.contains('You logged into a secure area!').should('be.visible');\n});",
              "err": {},
              "uuid": "422625a8-eda5-4a09-a24e-0d3d7ad549c3",
              "parentUUID": "e9b14d03-c442-4a97-be9b-b069642d591d",
              "isHook": false,
              "skipped": false
            },
            {
              "title": "Connexion avec des identifiants invalides",
              "fullTitle": "Test formulaire de connexion avec fixtures Connexion avec des identifiants invalides",
              "timedOut": null,
              "duration": 1216,
              "state": "passed",
              "speed": "fast",
              "pass": true,
              "fail": false,
              "pending": false,
              "context": null,
              "code": "cy.fixture('utilisateurs').then(data => {\n  cy.get('#username').type(data.invalide.username);\n  cy.get('#password').type(data.invalide.password);\n  cy.get('button[type=\"submit\"]').click();\n  cy.contains('Your username is invalid!').should('be.visible');\n});",
              "err": {},
              "uuid": "c4cace95-904b-475b-839d-354f212827a1",
              "parentUUID": "e9b14d03-c442-4a97-be9b-b069642d591d",
              "isHook": false,
              "skipped": false
            }
          ],
          "suites": [],
          "passes": [
            "422625a8-eda5-4a09-a24e-0d3d7ad549c3",
            "c4cace95-904b-475b-839d-354f212827a1"
          ],
          "failures": [],
          "pending": [],
          "skipped": [],
          "duration": 4012,
          "root": false,
          "rootEmpty": false,
          "_timeout": 2000
        }
      ],
      "passes": [],
      "failures": [],
      "pending": [],
      "skipped": [],
      "duration": 0,
      "root": true,
      "rootEmpty": true,
      "_timeout": 2000
    },
    {
      "uuid": "406aefe3-edc6-4c62-8fdd-b7a5fdcaa6c3",
      "title": "",
      "fullFile": "cypress/e2e/intercept.cy.js",
      "file": "cypress/e2e/intercept.cy.js",
      "beforeHooks": [],
      "afterHooks": [],
      "tests": [],
      "suites": [
        {
          "uuid": "5fc4648f-c030-4c80-ae0a-0bdbc59a5e60",
          "title": "Test avec cy.intercept()",
          "fullFile": "",
          "file": "",
          "beforeHooks": [],
          "afterHooks": [],
          "tests": [
            {
              "title": "Vérifie que la page secure est bien chargée",
              "fullTitle": "Test avec cy.intercept() Vérifie que la page secure est bien chargée",
              "timedOut": null,
              "duration": 2774,
              "state": "passed",
              "speed": "fast",
              "pass": true,
              "fail": false,
              "pending": false,
              "context": null,
              "code": "cy.intercept('GET', '**/secure').as('securePage');\ncy.login('tomsmith', 'SuperSecretPassword!');\ncy.wait('@securePage').then(interception => {\n  expect(interception.response.statusCode).to.equal(200);\n});",
              "err": {},
              "uuid": "9a488123-552f-495f-8213-0dbcea1c9354",
              "parentUUID": "5fc4648f-c030-4c80-ae0a-0bdbc59a5e60",
              "isHook": false,
              "skipped": false
            }
          ],
          "suites": [],
          "passes": [
            "9a488123-552f-495f-8213-0dbcea1c9354"
          ],
          "failures": [],
          "pending": [],
          "skipped": [],
          "duration": 2774,
          "root": false,
          "rootEmpty": false,
          "_timeout": 2000
        }
      ],
      "passes": [],
      "failures": [],
      "pending": [],
      "skipped": [],
      "duration": 0,
      "root": true,
      "rootEmpty": true,
      "_timeout": 2000
    },
    {
      "uuid": "05ee8b82-36f9-47ef-8157-f75c2813a405",
      "title": "",
      "fullFile": "cypress/e2e/login.cy.js",
      "file": "cypress/e2e/login.cy.js",
      "beforeHooks": [],
      "afterHooks": [],
      "tests": [],
      "suites": [
        {
          "uuid": "3bf48f60-c26b-4927-a2cb-2eb056185a22",
          "title": "Test Login avec Page Object Model",
          "fullFile": "",
          "file": "",
          "beforeHooks": [],
          "afterHooks": [],
          "tests": [
            {
              "title": "Connexion avec des identifiants valides",
              "fullTitle": "Test Login avec Page Object Model Connexion avec des identifiants valides",
              "timedOut": null,
              "duration": 3192,
              "state": "passed",
              "speed": "fast",
              "pass": true,
              "fail": false,
              "pending": false,
              "context": null,
              "code": "loginPage.login('tomsmith', 'SuperSecretPassword!');\nloginPage.getSuccessMessage().should('be.visible');",
              "err": {},
              "uuid": "1f09753a-83ed-43af-acdc-56026e023f6d",
              "parentUUID": "3bf48f60-c26b-4927-a2cb-2eb056185a22",
              "isHook": false,
              "skipped": false
            },
            {
              "title": "Connexion avec des identifiants invalides",
              "fullTitle": "Test Login avec Page Object Model Connexion avec des identifiants invalides",
              "timedOut": null,
              "duration": 1218,
              "state": "passed",
              "speed": "fast",
              "pass": true,
              "fail": false,
              "pending": false,
              "context": null,
              "code": "loginPage.login('mauvaisutilisateur', 'mauvaismdp');\nloginPage.getErrorMessage().should('be.visible');",
              "err": {},
              "uuid": "d4d50811-f685-4a56-a42d-250af159b658",
              "parentUUID": "3bf48f60-c26b-4927-a2cb-2eb056185a22",
              "isHook": false,
              "skipped": false
            }
          ],
          "suites": [],
          "passes": [
            "1f09753a-83ed-43af-acdc-56026e023f6d",
            "d4d50811-f685-4a56-a42d-250af159b658"
          ],
          "failures": [],
          "pending": [],
          "skipped": [],
          "duration": 4410,
          "root": false,
          "rootEmpty": false,
          "_timeout": 2000
        }
      ],
      "passes": [],
      "failures": [],
      "pending": [],
      "skipped": [],
      "duration": 0,
      "root": true,
      "rootEmpty": true,
      "_timeout": 2000
    },
    {
      "uuid": "b0f30693-d447-4a15-b665-8a490e90b0aa",
      "title": "",
      "fullFile": "cypress/e2e/mon-premier-test.cy.js",
      "file": "cypress/e2e/mon-premier-test.cy.js",
      "beforeHooks": [],
      "afterHooks": [],
      "tests": [],
      "suites": [
        {
          "uuid": "06279b7b-a8fa-4193-bac7-14f1bd3807f5",
          "title": "Mon deuxième test",
          "fullFile": "",
          "file": "",
          "beforeHooks": [],
          "afterHooks": [],
          "tests": [
            {
              "title": "Visite le site de démo Cypress",
              "fullTitle": "Mon deuxième test Visite le site de démo Cypress",
              "timedOut": null,
              "duration": 876,
              "state": "passed",
              "speed": "fast",
              "pass": true,
              "fail": false,
              "pending": false,
              "context": null,
              "code": "cy.visit('https://example.cypress.io');",
              "err": {},
              "uuid": "20fcd4e4-75d4-4eec-b050-9f91efd5065f",
              "parentUUID": "06279b7b-a8fa-4193-bac7-14f1bd3807f5",
              "isHook": false,
              "skipped": false
            },
            {
              "title": "Clique sur un lien",
              "fullTitle": "Mon deuxième test Clique sur un lien",
              "timedOut": null,
              "duration": 603,
              "state": "passed",
              "speed": "fast",
              "pass": true,
              "fail": false,
              "pending": false,
              "context": null,
              "code": "cy.visit('https://example.cypress.io');\ncy.contains('type').click();\ncy.url().should('include', '/commands/actions');",
              "err": {},
              "uuid": "2c3a4dab-5880-4e5e-98e1-a0d5f691a62d",
              "parentUUID": "06279b7b-a8fa-4193-bac7-14f1bd3807f5",
              "isHook": false,
              "skipped": false
            },
            {
              "title": "Tape du texte dans un champ",
              "fullTitle": "Mon deuxième test Tape du texte dans un champ",
              "timedOut": null,
              "duration": 479,
              "state": "passed",
              "speed": "fast",
              "pass": true,
              "fail": false,
              "pending": false,
              "context": null,
              "code": "cy.visit('https://example.cypress.io/commands/actions');\ncy.get('.action-email').type('test@gmail.com');\ncy.get('.action-email').should('have.value', 'test@gmail.com');",
              "err": {},
              "uuid": "0e0eedc0-b8cc-44c4-be7b-38878af52b71",
              "parentUUID": "06279b7b-a8fa-4193-bac7-14f1bd3807f5",
              "isHook": false,
              "skipped": false
            }
          ],
          "suites": [],
          "passes": [
            "20fcd4e4-75d4-4eec-b050-9f91efd5065f",
            "2c3a4dab-5880-4e5e-98e1-a0d5f691a62d",
            "0e0eedc0-b8cc-44c4-be7b-38878af52b71"
          ],
          "failures": [],
          "pending": [],
          "skipped": [],
          "duration": 1958,
          "root": false,
          "rootEmpty": false,
          "_timeout": 2000
        }
      ],
      "passes": [],
      "failures": [],
      "pending": [],
      "skipped": [],
      "duration": 0,
      "root": true,
      "rootEmpty": true,
      "_timeout": 2000
    }
  ],
  "meta": {
    "mocha": {
      "version": "7.2.0"
    },
    "mochawesome": {
      "options": {
        "quiet": false,
        "reportFilename": "mochawesome",
        "saveHtml": false,
        "saveJson": true,
        "consoleReporter": "spec",
        "useInlineDiffs": false,
        "code": true
      },
      "version": "7.1.4"
    },
    "marge": {
      "options": {
        "reportDir": "cypress/reports",
        "overwrite": false,
        "html": false,
        "json": true
      },
      "version": "6.3.2"
    }
  }
}